<?xml version="1.0" encoding="UTF-8"?>
<!-- Generated by org.testng.reporters.JUnitReportReporter -->
<testsuite hostname="DESKTOP-U7SVV73" failures="0" tests="1" name="com.qa.testLayer.HomePageTest" time="126.575" errors="0" timestamp="2022-04-15T23:15:43 IST" skipped="0">
  <testcase classname="com.qa.testLayer.HomePageTest" name="searchProductTest" time="126.575"/>
  <system-out/>
</testsuite> <!-- com.qa.testLayer.HomePageTest -->
