<?xml version="1.0" encoding="UTF-8"?>
<!-- Generated by org.testng.reporters.JUnitReportReporter -->
<testsuite hostname="DESKTOP-U7SVV73" failures="0" tests="1" name="com.qa.testBase.TestBase" time="64.491" errors="0" timestamp="2022-03-14T21:49:06 IST" skipped="0">
  <testcase classname="com.qa.testBase.TestBase" name="setUp" time="64.491"/>
  <system-out/>
</testsuite> <!-- com.qa.testBase.TestBase -->
